CRITICAL - 2025-05-07 09:42:09 --> CodeIgniter\View\Exceptions\ViewException: Invalid file: "pricing_plan.php"
[Method: GET, Route: pricing_plan]
in SYSTEMPATH\Exceptions\FrameworkException.php on line 39.
 1 SYSTEMPATH\View\View.php(212): CodeIgniter\Exceptions\FrameworkException::forInvalidFile('pricing_plan.php')
 2 SYSTEMPATH\Common.php(1173): CodeIgniter\View\View->render('pricing_plan', [], true)
 3 APPPATH\Controllers\Home.php(15): view('pricing_plan')
 4 SYSTEMPATH\CodeIgniter.php(933): App\Controllers\Home->pricing_plan()
 5 SYSTEMPATH\CodeIgniter.php(507): CodeIgniter\CodeIgniter->runController(Object(App\Controllers\Home))
 6 SYSTEMPATH\CodeIgniter.php(354): CodeIgniter\CodeIgniter->handleRequest(null, Object(Config\Cache), false)
 7 SYSTEMPATH\Boot.php(334): CodeIgniter\CodeIgniter->run()
 8 SYSTEMPATH\Boot.php(67): CodeIgniter\Boot::runCodeIgniter(Object(CodeIgniter\CodeIgniter))
 9 FCPATH\index.php(56): CodeIgniter\Boot::bootWeb(Object(Config\Paths))
CRITICAL - 2025-05-07 09:42:23 --> CodeIgniter\View\Exceptions\ViewException: Invalid file: "pricing_plan.php"
[Method: GET, Route: pricing_plan]
in SYSTEMPATH\Exceptions\FrameworkException.php on line 39.
 1 SYSTEMPATH\View\View.php(212): CodeIgniter\Exceptions\FrameworkException::forInvalidFile('pricing_plan.php')
 2 SYSTEMPATH\Common.php(1173): CodeIgniter\View\View->render('pricing_plan', [], true)
 3 APPPATH\Controllers\Home.php(15): view('pricing_plan')
 4 SYSTEMPATH\CodeIgniter.php(933): App\Controllers\Home->pricing_plan()
 5 SYSTEMPATH\CodeIgniter.php(507): CodeIgniter\CodeIgniter->runController(Object(App\Controllers\Home))
 6 SYSTEMPATH\CodeIgniter.php(354): CodeIgniter\CodeIgniter->handleRequest(null, Object(Config\Cache), false)
 7 SYSTEMPATH\Boot.php(334): CodeIgniter\CodeIgniter->run()
 8 SYSTEMPATH\Boot.php(67): CodeIgniter\Boot::runCodeIgniter(Object(CodeIgniter\CodeIgniter))
 9 FCPATH\index.php(56): CodeIgniter\Boot::bootWeb(Object(Config\Paths))
CRITICAL - 2025-05-07 09:42:35 --> CodeIgniter\View\Exceptions\ViewException: Invalid file: "pricing_plan.php"
[Method: GET, Route: pricing_plan]
in SYSTEMPATH\Exceptions\FrameworkException.php on line 39.
 1 SYSTEMPATH\View\View.php(212): CodeIgniter\Exceptions\FrameworkException::forInvalidFile('pricing_plan.php')
 2 SYSTEMPATH\Common.php(1173): CodeIgniter\View\View->render('pricing_plan', [], true)
 3 APPPATH\Controllers\Home.php(15): view('pricing_plan')
 4 SYSTEMPATH\CodeIgniter.php(933): App\Controllers\Home->pricing_plan()
 5 SYSTEMPATH\CodeIgniter.php(507): CodeIgniter\CodeIgniter->runController(Object(App\Controllers\Home))
 6 SYSTEMPATH\CodeIgniter.php(354): CodeIgniter\CodeIgniter->handleRequest(null, Object(Config\Cache), false)
 7 SYSTEMPATH\Boot.php(334): CodeIgniter\CodeIgniter->run()
 8 SYSTEMPATH\Boot.php(67): CodeIgniter\Boot::runCodeIgniter(Object(CodeIgniter\CodeIgniter))
 9 FCPATH\index.php(56): CodeIgniter\Boot::bootWeb(Object(Config\Paths))
CRITICAL - 2025-05-07 09:42:45 --> CodeIgniter\View\Exceptions\ViewException: Invalid file: "pricing_plan.php"
[Method: GET, Route: pricing_plan]
in SYSTEMPATH\Exceptions\FrameworkException.php on line 39.
 1 SYSTEMPATH\View\View.php(212): CodeIgniter\Exceptions\FrameworkException::forInvalidFile('pricing_plan.php')
 2 SYSTEMPATH\Common.php(1173): CodeIgniter\View\View->render('pricing_plan', [], true)
 3 APPPATH\Controllers\Home.php(15): view('pricing_plan')
 4 SYSTEMPATH\CodeIgniter.php(933): App\Controllers\Home->pricing_plan()
 5 SYSTEMPATH\CodeIgniter.php(507): CodeIgniter\CodeIgniter->runController(Object(App\Controllers\Home))
 6 SYSTEMPATH\CodeIgniter.php(354): CodeIgniter\CodeIgniter->handleRequest(null, Object(Config\Cache), false)
 7 SYSTEMPATH\Boot.php(334): CodeIgniter\CodeIgniter->run()
 8 SYSTEMPATH\Boot.php(67): CodeIgniter\Boot::runCodeIgniter(Object(CodeIgniter\CodeIgniter))
 9 FCPATH\index.php(56): CodeIgniter\Boot::bootWeb(Object(Config\Paths))
